<?xml version="1.0" encoding="UTF-8"?>
<!-- Generated by org.testng.reporters.JUnitReportReporter -->
<testsuite hostname="Harmanjeet" failures="0" tests="1" name="Part_1.ee" time="0.036" errors="0" timestamp="24 Feb 2023 09:27:58 GMT" skipped="0">
  <testcase classname="Part_1.ee" name="scrapeWikipediaLinks" time="0.036"/>
</testsuite> <!-- Part_1.ee -->
