<?xml version="1.0" encoding="UTF-8"?>
<!-- Generated by org.testng.reporters.JUnitReportReporter -->
<testsuite hostname="Harmanjeet" failures="0" tests="1" name="Part_1.getWebLinks" time="606.600" errors="0" timestamp="24 Feb 2023 07:47:35 GMT" skipped="0">
  <testcase classname="Part_1.getWebLinks" name="getLink" time="606.600"/>
</testsuite> <!-- Part_1.getWebLinks -->
