<?xml version="1.0" encoding="UTF-8"?>
<!-- Generated by org.testng.reporters.JUnitReportReporter -->
<testsuite hostname="Harmanjeet" failures="0" tests="1" name="Part_1.das" time="14.234" errors="0" timestamp="24 Feb 2023 16:39:56 GMT" skipped="0">
  <testcase classname="Part_1.das" name="scrapeWikipediaLinks" time="14.234"/>
</testsuite> <!-- Part_1.das -->
